<?xml version="1.0" encoding="UTF-8"?>
<testsuite name="com.marcoalmeida.midi_tokenizer.MidiParserTest" tests="4" skipped="0" failures="0" errors="0" timestamp="2026-01-11T20:43:32" hostname="runnervmi13qx" time="0.125">
  <properties/>
  <testcase name="testParseWithoutSeconds(Path)" classname="com.marcoalmeida.midi_tokenizer.MidiParserTest" time="0.107"/>
  <testcase name="testParseWithTimeSignature(Path)" classname="com.marcoalmeida.midi_tokenizer.MidiParserTest" time="0.005"/>
  <testcase name="testParseMultipleNotes(Path)" classname="com.marcoalmeida.midi_tokenizer.MidiParserTest" time="0.006"/>
  <testcase name="testParseSimpleSequence(Path)" classname="com.marcoalmeida.midi_tokenizer.MidiParserTest" time="0.003"/>
  <system-out><![CDATA[]]></system-out>
  <system-err><![CDATA[]]></system-err>
</testsuite>
